Build started 26-Sep-25 19:16:08.
     1>Project "C:\Users\panda\Documents\M Tech\Sem 1\Speech Processing\vowelRecognition\vowelRecognition\vowelRecognition.vcxproj" on node 2 (build target(s)).
     1>InitializeBuildStatus:
         Creating "Debug\vowelRecognition.unsuccessfulbuild" because "AlwaysCreate" was specified.
       ClCompile:
         All outputs are up-to-date.
         C:\Program Files (x86)\Microsoft Visual Studio 10.0\VC\bin\CL.exe /c /ZI /nologo /W3 /WX- /Od /Oy- /D WIN32 /D _DEBUG /D _CONSOLE /D _UNICODE /D UNICODE /Gm /EHsc /RTC1 /MDd /GS /fp:precise /Zc:wchar_t /Zc:forScope /Yu"StdAfx.h" /Fp"Debug\vowelRecognition.pch" /Fo"Debug\\" /Fd"Debug\vc100.pdb" /Gd /TP /analyze- /errorReport:prompt vowelRecognition.cpp
         vowelRecognition.cpp
     1>c:\users\panda\documents\m tech\sem 1\speech processing\vowelrecognition\vowelrecognition\vowelrecognition.cpp(34): warning C4244: '=' : conversion from 'double' to 'float', possible loss of data
     1>c:\users\panda\documents\m tech\sem 1\speech processing\vowelrecognition\vowelrecognition\vowelrecognition.cpp(106): warning C4244: 'argument' : conversion from 'double' to 'float', possible loss of data
     1>c:\users\panda\documents\m tech\sem 1\speech processing\vowelrecognition\vowelrecognition\vowelrecognition.cpp(196): warning C4244: 'argument' : conversion from 'double' to 'float', possible loss of data
     1>c:\users\panda\documents\m tech\sem 1\speech processing\vowelrecognition\vowelrecognition\vowelrecognition.cpp(207): warning C4996: 'strcpy': This function or variable may be unsafe. Consider using strcpy_s instead. To disable deprecation, use _CRT_SECURE_NO_WARNINGS. See online help for details.
                 c:\program files (x86)\microsoft visual studio 10.0\vc\include\string.h(105) : see declaration of 'strcpy'
     1>c:\users\panda\documents\m tech\sem 1\speech processing\vowelrecognition\vowelrecognition\vowelrecognition.cpp(212): warning C4996: 'strcat': This function or variable may be unsafe. Consider using strcat_s instead. To disable deprecation, use _CRT_SECURE_NO_WARNINGS. See online help for details.
                 c:\program files (x86)\microsoft visual studio 10.0\vc\include\string.h(110) : see declaration of 'strcat'
     1>c:\users\panda\documents\m tech\sem 1\speech processing\vowelrecognition\vowelrecognition\vowelrecognition.cpp(214): warning C4996: 'strcat': This function or variable may be unsafe. Consider using strcat_s instead. To disable deprecation, use _CRT_SECURE_NO_WARNINGS. See online help for details.
                 c:\program files (x86)\microsoft visual studio 10.0\vc\include\string.h(110) : see declaration of 'strcat'
     1>c:\users\panda\documents\m tech\sem 1\speech processing\vowelrecognition\vowelrecognition\vowelrecognition.cpp(216): warning C4996: 'strcat': This function or variable may be unsafe. Consider using strcat_s instead. To disable deprecation, use _CRT_SECURE_NO_WARNINGS. See online help for details.
                 c:\program files (x86)\microsoft visual studio 10.0\vc\include\string.h(110) : see declaration of 'strcat'
     1>c:\users\panda\documents\m tech\sem 1\speech processing\vowelrecognition\vowelrecognition\vowelrecognition.cpp(218): warning C4996: 'strcat': This function or variable may be unsafe. Consider using strcat_s instead. To disable deprecation, use _CRT_SECURE_NO_WARNINGS. See online help for details.
                 c:\program files (x86)\microsoft visual studio 10.0\vc\include\string.h(110) : see declaration of 'strcat'
     1>c:\users\panda\documents\m tech\sem 1\speech processing\vowelrecognition\vowelrecognition\vowelrecognition.cpp(220): warning C4996: 'strcat': This function or variable may be unsafe. Consider using strcat_s instead. To disable deprecation, use _CRT_SECURE_NO_WARNINGS. See online help for details.
                 c:\program files (x86)\microsoft visual studio 10.0\vc\include\string.h(110) : see declaration of 'strcat'
     1>c:\users\panda\documents\m tech\sem 1\speech processing\vowelrecognition\vowelrecognition\vowelrecognition.cpp(222): warning C4996: 'strcat': This function or variable may be unsafe. Consider using strcat_s instead. To disable deprecation, use _CRT_SECURE_NO_WARNINGS. See online help for details.
                 c:\program files (x86)\microsoft visual studio 10.0\vc\include\string.h(110) : see declaration of 'strcat'
     1>c:\users\panda\documents\m tech\sem 1\speech processing\vowelrecognition\vowelrecognition\vowelrecognition.cpp(224): warning C4996: 'strcat': This function or variable may be unsafe. Consider using strcat_s instead. To disable deprecation, use _CRT_SECURE_NO_WARNINGS. See online help for details.
                 c:\program files (x86)\microsoft visual studio 10.0\vc\include\string.h(110) : see declaration of 'strcat'
     1>c:\users\panda\documents\m tech\sem 1\speech processing\vowelrecognition\vowelrecognition\vowelrecognition.cpp(273): warning C4996: 'strcpy': This function or variable may be unsafe. Consider using strcpy_s instead. To disable deprecation, use _CRT_SECURE_NO_WARNINGS. See online help for details.
                 c:\program files (x86)\microsoft visual studio 10.0\vc\include\string.h(105) : see declaration of 'strcpy'
     1>c:\users\panda\documents\m tech\sem 1\speech processing\vowelrecognition\vowelrecognition\vowelrecognition.cpp(276): warning C4996: 'strcat': This function or variable may be unsafe. Consider using strcat_s instead. To disable deprecation, use _CRT_SECURE_NO_WARNINGS. See online help for details.
                 c:\program files (x86)\microsoft visual studio 10.0\vc\include\string.h(110) : see declaration of 'strcat'
     1>c:\users\panda\documents\m tech\sem 1\speech processing\vowelrecognition\vowelrecognition\vowelrecognition.cpp(307): warning C4996: 'sprintf': This function or variable may be unsafe. Consider using sprintf_s instead. To disable deprecation, use _CRT_SECURE_NO_WARNINGS. See online help for details.
                 c:\program files (x86)\microsoft visual studio 10.0\vc\include\stdio.h(371) : see declaration of 'sprintf'
     1>c:\users\panda\documents\m tech\sem 1\speech processing\vowelrecognition\vowelrecognition\vowelrecognition.cpp(326): warning C4244: '=' : conversion from 'double' to 'float', possible loss of data
     1>c:\users\panda\documents\m tech\sem 1\speech processing\vowelrecognition\vowelrecognition\vowelrecognition.cpp(386): warning C4996: 'sprintf': This function or variable may be unsafe. Consider using sprintf_s instead. To disable deprecation, use _CRT_SECURE_NO_WARNINGS. See online help for details.
                 c:\program files (x86)\microsoft visual studio 10.0\vc\include\stdio.h(371) : see declaration of 'sprintf'
     1>c:\users\panda\documents\m tech\sem 1\speech processing\vowelrecognition\vowelrecognition\vowelrecognition.cpp(486): warning C4996: 'sprintf': This function or variable may be unsafe. Consider using sprintf_s instead. To disable deprecation, use _CRT_SECURE_NO_WARNINGS. See online help for details.
                 c:\program files (x86)\microsoft visual studio 10.0\vc\include\stdio.h(371) : see declaration of 'sprintf'
       ManifestResourceCompile:
         All outputs are up-to-date.
       Link:
         C:\Program Files (x86)\Microsoft Visual Studio 10.0\VC\bin\link.exe /ERRORREPORT:PROMPT /OUT:"C:\Users\panda\Documents\M Tech\Sem 1\Speech Processing\vowelRecognition\Debug\vowelRecognition.exe" /INCREMENTAL /NOLOGO kernel32.lib user32.lib gdi32.lib winspool.lib comdlg32.lib advapi32.lib shell32.lib ole32.lib oleaut32.lib uuid.lib odbc32.lib odbccp32.lib /MANIFEST /ManifestFile:"Debug\vowelRecognition.exe.intermediate.manifest" /MANIFESTUAC:"level='asInvoker' uiAccess='false'" /DEBUG /PDB:"C:\Users\panda\Documents\M Tech\Sem 1\Speech Processing\vowelRecognition\Debug\vowelRecognition.pdb" /SUBSYSTEM:CONSOLE /TLBID:1 /DYNAMICBASE /NXCOMPAT /IMPLIB:"C:\Users\panda\Documents\M Tech\Sem 1\Speech Processing\vowelRecognition\Debug\vowelRecognition.lib" /MACHINE:X86 Debug\vowelRecognition.exe.embed.manifest.res
         Debug\stdafx.obj
         Debug\vowelRecognition.obj
       Manifest:
         C:\Program Files (x86)\Microsoft SDKs\Windows\v7.0A\bin\mt.exe /nologo /verbose /out:"Debug\vowelRecognition.exe.embed.manifest" /manifest Debug\vowelRecognition.exe.intermediate.manifest
         All outputs are up-to-date.
       LinkEmbedManifest:
         All outputs are up-to-date.
         vowelRecognition.vcxproj -> C:\Users\panda\Documents\M Tech\Sem 1\Speech Processing\vowelRecognition\Debug\vowelRecognition.exe
       FinalizeBuildStatus:
         Deleting file "Debug\vowelRecognition.unsuccessfulbuild".
         Touching "Debug\vowelRecognition.lastbuildstate".
     1>Done Building Project "C:\Users\panda\Documents\M Tech\Sem 1\Speech Processing\vowelRecognition\vowelRecognition\vowelRecognition.vcxproj" (build target(s)).

Build succeeded.

Time Elapsed 00:00:00.71
