Build started 21-Sep-25 13:36:28.
     1>Project "C:\Users\panda\Documents\M Tech\Sem 1\Speech Processing\yesVno\yesVno\yesVno.vcxproj" on node 2 (build target(s)).
     1>InitializeBuildStatus:
         Creating "Debug\yesVno.unsuccessfulbuild" because "AlwaysCreate" was specified.
       ClCompile:
         All outputs are up-to-date.
         C:\Program Files (x86)\Microsoft Visual Studio 10.0\VC\bin\CL.exe /c /ZI /nologo /W3 /WX- /Od /Oy- /D WIN32 /D _DEBUG /D _CONSOLE /D _UNICODE /D UNICODE /Gm /EHsc /RTC1 /MDd /GS /fp:precise /Zc:wchar_t /Zc:forScope /Yu"StdAfx.h" /Fp"Debug\yesVno.pch" /Fo"Debug\\" /Fd"Debug\vc100.pdb" /Gd /TP /analyze- /errorReport:prompt yesVno.cpp
         yesVno.cpp
       ManifestResourceCompile:
         All outputs are up-to-date.
       Link:
         C:\Program Files (x86)\Microsoft Visual Studio 10.0\VC\bin\link.exe /ERRORREPORT:PROMPT /OUT:"C:\Users\panda\Documents\M Tech\Sem 1\Speech Processing\yesVno\Debug\yesVno.exe" /INCREMENTAL /NOLOGO kernel32.lib user32.lib gdi32.lib winspool.lib comdlg32.lib advapi32.lib shell32.lib ole32.lib oleaut32.lib uuid.lib odbc32.lib odbccp32.lib /MANIFEST /ManifestFile:"Debug\yesVno.exe.intermediate.manifest" /MANIFESTUAC:"level='asInvoker' uiAccess='false'" /DEBUG /PDB:"C:\Users\panda\Documents\M Tech\Sem 1\Speech Processing\yesVno\Debug\yesVno.pdb" /SUBSYSTEM:CONSOLE /TLBID:1 /DYNAMICBASE /NXCOMPAT /IMPLIB:"C:\Users\panda\Documents\M Tech\Sem 1\Speech Processing\yesVno\Debug\yesVno.lib" /MACHINE:X86 Debug\yesVno.exe.embed.manifest.res
         Debug\stdafx.obj
         Debug\yesVno.obj
       Manifest:
         C:\Program Files (x86)\Microsoft SDKs\Windows\v7.0A\bin\mt.exe /nologo /verbose /out:"Debug\yesVno.exe.embed.manifest" /manifest Debug\yesVno.exe.intermediate.manifest
         All outputs are up-to-date.
       LinkEmbedManifest:
         All outputs are up-to-date.
         yesVno.vcxproj -> C:\Users\panda\Documents\M Tech\Sem 1\Speech Processing\yesVno\Debug\yesVno.exe
       FinalizeBuildStatus:
         Deleting file "Debug\yesVno.unsuccessfulbuild".
         Touching "Debug\yesVno.lastbuildstate".
     1>Done Building Project "C:\Users\panda\Documents\M Tech\Sem 1\Speech Processing\yesVno\yesVno\yesVno.vcxproj" (build target(s)).

Build succeeded.

Time Elapsed 00:00:01.67
