Build started 13-Oct-25 22:02:59.
     1>Project "C:\Users\panda\Documents\M Tech\Sem 1\Speech Processing\LBG\LBG\LBG.vcxproj" on node 2 (build target(s)).
     1>InitializeBuildStatus:
         Creating "Debug\LBG.unsuccessfulbuild" because "AlwaysCreate" was specified.
       ClCompile:
         All outputs are up-to-date.
         C:\Program Files (x86)\Microsoft Visual Studio 10.0\VC\bin\CL.exe /c /ZI /nologo /W3 /WX- /Od /Oy- /D WIN32 /D _DEBUG /D _CONSOLE /D _UNICODE /D UNICODE /Gm /EHsc /RTC1 /MDd /GS /fp:precise /Zc:wchar_t /Zc:forScope /Yu"StdAfx.h" /Fp"Debug\LBG.pch" /Fo"Debug\\" /Fd"Debug\vc100.pdb" /Gd /TP /analyze- /errorReport:prompt LBG.cpp
         LBG.cpp
     1>c:\users\panda\documents\m tech\sem 1\speech processing\lbg\lbg\lbg.cpp(51): warning C4244: '=' : conversion from 'double' to 'float', possible loss of data
     1>c:\users\panda\documents\m tech\sem 1\speech processing\lbg\lbg\lbg.cpp(52): warning C4244: '=' : conversion from 'double' to 'float', possible loss of data
     1>c:\users\panda\documents\m tech\sem 1\speech processing\lbg\lbg\lbg.cpp(140): warning C4101: 'k' : unreferenced local variable
       ManifestResourceCompile:
         All outputs are up-to-date.
       Link:
         C:\Program Files (x86)\Microsoft Visual Studio 10.0\VC\bin\link.exe /ERRORREPORT:PROMPT /OUT:"C:\Users\panda\Documents\M Tech\Sem 1\Speech Processing\LBG\Debug\LBG.exe" /INCREMENTAL /NOLOGO kernel32.lib user32.lib gdi32.lib winspool.lib comdlg32.lib advapi32.lib shell32.lib ole32.lib oleaut32.lib uuid.lib odbc32.lib odbccp32.lib /MANIFEST /ManifestFile:"Debug\LBG.exe.intermediate.manifest" /MANIFESTUAC:"level='asInvoker' uiAccess='false'" /DEBUG /PDB:"C:\Users\panda\Documents\M Tech\Sem 1\Speech Processing\LBG\Debug\LBG.pdb" /SUBSYSTEM:CONSOLE /TLBID:1 /DYNAMICBASE /NXCOMPAT /IMPLIB:"C:\Users\panda\Documents\M Tech\Sem 1\Speech Processing\LBG\Debug\LBG.lib" /MACHINE:X86 Debug\LBG.exe.embed.manifest.res
         Debug\LBG.obj
         Debug\stdafx.obj
       Manifest:
         C:\Program Files (x86)\Microsoft SDKs\Windows\v7.0A\bin\mt.exe /nologo /verbose /out:"Debug\LBG.exe.embed.manifest" /manifest Debug\LBG.exe.intermediate.manifest
         All outputs are up-to-date.
       LinkEmbedManifest:
         All outputs are up-to-date.
         LBG.vcxproj -> C:\Users\panda\Documents\M Tech\Sem 1\Speech Processing\LBG\Debug\LBG.exe
       FinalizeBuildStatus:
         Deleting file "Debug\LBG.unsuccessfulbuild".
         Touching "Debug\LBG.lastbuildstate".
     1>Done Building Project "C:\Users\panda\Documents\M Tech\Sem 1\Speech Processing\LBG\LBG\LBG.vcxproj" (build target(s)).

Build succeeded.

Time Elapsed 00:00:01.84
